[  0%] Built target _tiago_pcl_tutorial_generate_messages_check_deps_PlaneCoefficients
[  0%] Built target std_msgs_generate_messages_py
[  0%] Built target std_msgs_generate_messages_cpp
[  0%] Built target std_msgs_generate_messages_eus
[  0%] Built target std_msgs_generate_messages_lisp
[  0%] Built target std_msgs_generate_messages_nodejs
[  9%] Built target tiago_pcl_tutorial_gencfg
[ 18%] Built target tiago_pcl_tutorial
[ 27%] Built target segment_table
[ 27%] Built target pcl_msgs_generate_messages_cpp
[ 50%] Built target cylinder_detector
[ 50%] Built target pcl_msgs_generate_messages_eus
[ 50%] Built target pcl_msgs_generate_messages_lisp
[ 50%] Built target pcl_msgs_generate_messages_nodejs
[ 50%] Built target pcl_msgs_generate_messages_py
[ 50%] Built target sensor_msgs_generate_messages_cpp
[ 50%] Built target sensor_msgs_generate_messages_eus
[ 50%] Built target sensor_msgs_generate_messages_lisp
[ 50%] Built target sensor_msgs_generate_messages_nodejs
[ 50%] Built target sensor_msgs_generate_messages_py
[ 50%] Built target geometry_msgs_generate_messages_cpp
[ 50%] Built target geometry_msgs_generate_messages_eus
[ 50%] Built target geometry_msgs_generate_messages_lisp
[ 50%] Built target geometry_msgs_generate_messages_nodejs
[ 50%] Built target geometry_msgs_generate_messages_py
[ 50%] Built target roscpp_generate_messages_cpp
[ 50%] Built target roscpp_generate_messages_eus
[ 50%] Built target roscpp_generate_messages_lisp
[ 50%] Built target roscpp_generate_messages_nodejs
[ 50%] Built target roscpp_generate_messages_py
[ 50%] Built target rosgraph_msgs_generate_messages_cpp
[ 50%] Built target rosgraph_msgs_generate_messages_eus
[ 50%] Built target rosgraph_msgs_generate_messages_lisp
[ 50%] Built target rosgraph_msgs_generate_messages_nodejs
[ 50%] Built target rosgraph_msgs_generate_messages_py
[ 50%] Built target pcl_ros_gencfg
[ 50%] Built target dynamic_reconfigure_generate_messages_cpp
[ 50%] Built target dynamic_reconfigure_generate_messages_eus
[ 50%] Built target dynamic_reconfigure_generate_messages_lisp
[ 50%] Built target dynamic_reconfigure_generate_messages_nodejs
[ 50%] Built target dynamic_reconfigure_generate_messages_py
[ 50%] Built target dynamic_reconfigure_gencfg
[ 50%] Built target nodelet_generate_messages_cpp
[ 50%] Built target nodelet_generate_messages_eus
[ 50%] Built target nodelet_generate_messages_lisp
[ 50%] Built target nodelet_generate_messages_nodejs
[ 50%] Built target nodelet_generate_messages_py
[ 50%] Built target bond_generate_messages_cpp
[ 50%] Built target bond_generate_messages_eus
[ 50%] Built target bond_generate_messages_lisp
[ 50%] Built target bond_generate_messages_nodejs
[ 50%] Built target bond_generate_messages_py
[ 50%] Built target nodelet_topic_tools_gencfg
[ 50%] Built target std_srvs_generate_messages_cpp
[ 50%] Built target std_srvs_generate_messages_eus
[ 50%] Built target std_srvs_generate_messages_lisp
[ 50%] Built target std_srvs_generate_messages_nodejs
[ 50%] Built target std_srvs_generate_messages_py
[ 50%] Built target topic_tools_generate_messages_cpp
[ 50%] Built target topic_tools_generate_messages_eus
[ 50%] Built target topic_tools_generate_messages_lisp
[ 50%] Built target topic_tools_generate_messages_nodejs
[ 50%] Built target topic_tools_generate_messages_py
[ 50%] Built target tf_generate_messages_cpp
[ 50%] Built target tf_generate_messages_eus
[ 50%] Built target tf_generate_messages_lisp
[ 50%] Built target tf_generate_messages_nodejs
[ 50%] Built target tf_generate_messages_py
[ 50%] Built target actionlib_generate_messages_cpp
[ 50%] Built target actionlib_generate_messages_eus
[ 50%] Built target actionlib_generate_messages_lisp
[ 50%] Built target actionlib_generate_messages_nodejs
[ 50%] Built target actionlib_generate_messages_py
[ 50%] Built target actionlib_msgs_generate_messages_cpp
[ 50%] Built target actionlib_msgs_generate_messages_eus
[ 50%] Built target actionlib_msgs_generate_messages_lisp
[ 50%] Built target actionlib_msgs_generate_messages_nodejs
[ 50%] Built target actionlib_msgs_generate_messages_py
[ 50%] Built target tf2_msgs_generate_messages_cpp
[ 50%] Built target tf2_msgs_generate_messages_eus
[ 50%] Built target tf2_msgs_generate_messages_lisp
[ 50%] Built target tf2_msgs_generate_messages_nodejs
[ 50%] Built target tf2_msgs_generate_messages_py
[ 59%] Built target tiago_pcl_tutorial_generate_messages_py
[ 63%] Built target tiago_pcl_tutorial_generate_messages_cpp
[ 72%] Built target tiago_pcl_tutorial_generate_messages_eus
[ 77%] Built target tiago_pcl_tutorial_generate_messages_lisp
[ 81%] Built target tiago_pcl_tutorial_generate_messages_nodejs
[ 90%] Built target detect_main_plane
[100%] Built target region_segment
[100%] Built target tiago_pcl_tutorial_generate_messages
