[  0%] Built target std_msgs_generate_messages_cpp
[  0%] Built target std_msgs_generate_messages_py
[  0%] Built target std_msgs_generate_messages_eus
[  0%] Built target std_msgs_generate_messages_lisp
[  0%] Built target _tiago_pcl_tutorial_generate_messages_check_deps_PlaneCoefficients
[  0%] Built target std_msgs_generate_messages_nodejs
[  9%] Built target tiago_pcl_tutorial_gencfg
[  9%] Built target pcl_msgs_generate_messages_cpp
[  9%] Built target pcl_msgs_generate_messages_eus
[  9%] Built target pcl_msgs_generate_messages_lisp
[ 13%] Built target pcl_msgs_generate_messages_nodejs
[ 22%] Built target tiago_pcl_tutorial
[ 27%] Built target segment_table
[ 27%] Built target pcl_msgs_generate_messages_py
[ 27%] Built target sensor_msgs_generate_messages_eus
[ 27%] Built target sensor_msgs_generate_messages_cpp
[ 27%] Built target sensor_msgs_generate_messages_py
[ 27%] Built target sensor_msgs_generate_messages_lisp
[ 27%] Built target sensor_msgs_generate_messages_nodejs
[ 27%] Built target geometry_msgs_generate_messages_cpp
[ 27%] Built target geometry_msgs_generate_messages_eus
[ 27%] Built target geometry_msgs_generate_messages_lisp
[ 27%] Built target geometry_msgs_generate_messages_nodejs
[ 27%] Built target geometry_msgs_generate_messages_py
[ 27%] Built target roscpp_generate_messages_cpp
[ 27%] Built target roscpp_generate_messages_eus
[ 27%] Built target roscpp_generate_messages_lisp
[ 27%] Built target roscpp_generate_messages_nodejs
[ 27%] Built target roscpp_generate_messages_py
[ 27%] Built target rosgraph_msgs_generate_messages_cpp
[ 27%] Built target rosgraph_msgs_generate_messages_eus
[ 27%] Built target rosgraph_msgs_generate_messages_lisp
[ 27%] Built target rosgraph_msgs_generate_messages_nodejs
[ 27%] Built target rosgraph_msgs_generate_messages_py
[ 27%] Built target pcl_ros_gencfg
[ 27%] Built target dynamic_reconfigure_generate_messages_cpp
[ 27%] Built target dynamic_reconfigure_generate_messages_eus
[ 27%] Built target dynamic_reconfigure_generate_messages_nodejs
[ 27%] Built target dynamic_reconfigure_generate_messages_py
[ 27%] Built target dynamic_reconfigure_generate_messages_lisp
[ 27%] Built target dynamic_reconfigure_gencfg
[ 27%] Built target nodelet_generate_messages_cpp
[ 27%] Built target nodelet_generate_messages_eus
[ 27%] Built target nodelet_generate_messages_lisp
[ 27%] Built target nodelet_generate_messages_nodejs
[ 27%] Built target nodelet_generate_messages_py
[ 27%] Built target bond_generate_messages_eus
[ 27%] Built target bond_generate_messages_cpp
[ 27%] Built target bond_generate_messages_lisp
[ 27%] Built target bond_generate_messages_nodejs
[ 27%] Built target bond_generate_messages_py
[ 27%] Built target nodelet_topic_tools_gencfg
[ 27%] Built target std_srvs_generate_messages_cpp
[ 27%] Built target std_srvs_generate_messages_lisp
[ 27%] Built target std_srvs_generate_messages_eus
[ 27%] Built target std_srvs_generate_messages_py
[ 27%] Built target std_srvs_generate_messages_nodejs
[ 27%] Built target topic_tools_generate_messages_cpp
[ 27%] Built target topic_tools_generate_messages_nodejs
[ 27%] Built target topic_tools_generate_messages_eus
[ 27%] Built target topic_tools_generate_messages_lisp
[ 27%] Built target tf_generate_messages_cpp
[ 27%] Built target topic_tools_generate_messages_py
[ 27%] Built target tf_generate_messages_eus
[ 27%] Built target tf_generate_messages_lisp
[ 27%] Built target tf_generate_messages_nodejs
[ 27%] Built target tf_generate_messages_py
[ 27%] Built target actionlib_generate_messages_eus
[ 27%] Built target actionlib_generate_messages_cpp
[ 27%] Built target actionlib_generate_messages_lisp
[ 27%] Built target actionlib_generate_messages_py
[ 27%] Built target actionlib_generate_messages_nodejs
[ 27%] Built target actionlib_msgs_generate_messages_cpp
[ 27%] Built target actionlib_msgs_generate_messages_eus
[ 27%] Built target actionlib_msgs_generate_messages_lisp
[ 27%] Built target actionlib_msgs_generate_messages_nodejs
[ 27%] Built target actionlib_msgs_generate_messages_py
[ 27%] Built target tf2_msgs_generate_messages_cpp
[ 27%] Built target tf2_msgs_generate_messages_eus
[ 27%] Built target tf2_msgs_generate_messages_nodejs
[ 27%] Built target tf2_msgs_generate_messages_lisp
[ 27%] Built target tf2_msgs_generate_messages_py
[ 36%] Built target tiago_pcl_tutorial_generate_messages_py
[ 40%] Built target tiago_pcl_tutorial_generate_messages_cpp
[ 50%] Built target tiago_pcl_tutorial_generate_messages_eus
[ 54%] Built target tiago_pcl_tutorial_generate_messages_lisp
[ 59%] Built target tiago_pcl_tutorial_generate_messages_nodejs
[ 59%] Built target tiago_pcl_tutorial_generate_messages
[ 68%] Built target detect_main_plane
[ 90%] Built target cylinder_detector
[100%] Built target region_segment
