[  0%] Built target _humanoid_nav_msgs_generate_messages_check_deps_StepTarget
[  0%] Built target std_msgs_generate_messages_py
[  0%] Built target geometry_msgs_generate_messages_py
[  0%] Built target actionlib_msgs_generate_messages_py
[  0%] Built target _humanoid_nav_msgs_generate_messages_check_deps_ExecFootstepsActionGoal
[  0%] Built target _humanoid_nav_msgs_generate_messages_check_deps_ExecFootstepsResult
[  0%] Built target _humanoid_nav_msgs_generate_messages_check_deps_StepTargetService
[  0%] Built target _humanoid_nav_msgs_generate_messages_check_deps_PlanFootstepsBetweenFeet
[  0%] Built target _humanoid_nav_msgs_generate_messages_check_deps_ExecFootstepsActionFeedback
[  0%] Built target _humanoid_nav_msgs_generate_messages_check_deps_ClipFootstep
[  0%] Built target _humanoid_nav_msgs_generate_messages_check_deps_ExecFootstepsGoal
[  0%] Built target _humanoid_nav_msgs_generate_messages_check_deps_ExecFootstepsAction
[  0%] Built target _humanoid_nav_msgs_generate_messages_check_deps_PlanFootsteps
[  0%] Built target _humanoid_nav_msgs_generate_messages_check_deps_ExecFootstepsActionResult
[  0%] Built target geometry_msgs_generate_messages_cpp
[  0%] Built target std_msgs_generate_messages_cpp
[  0%] Built target _humanoid_nav_msgs_generate_messages_check_deps_ExecFootstepsFeedback
[  0%] Built target std_msgs_generate_messages_eus
[  0%] Built target actionlib_msgs_generate_messages_cpp
[  0%] Built target actionlib_msgs_generate_messages_eus
[  0%] Built target geometry_msgs_generate_messages_eus
[  0%] Built target std_msgs_generate_messages_lisp
[  0%] Built target geometry_msgs_generate_messages_lisp
[  0%] Built target actionlib_msgs_generate_messages_lisp
[  0%] Built target std_msgs_generate_messages_nodejs
[  0%] Built target geometry_msgs_generate_messages_nodejs
[  0%] Built target actionlib_msgs_generate_messages_nodejs
[ 60%] Built target humanoid_nav_msgs_generate_messages_cpp
[ 61%] Built target humanoid_nav_msgs_generate_messages_py
[ 61%] Built target humanoid_nav_msgs_generate_messages_eus
[ 80%] Built target humanoid_nav_msgs_generate_messages_lisp
[100%] Built target humanoid_nav_msgs_generate_messages_nodejs
[100%] Built target humanoid_nav_msgs_generate_messages
