[  0%] Built target actionlib_msgs_generate_messages_py
[  2%] Built target tiago_pick_demo_gencfg
[  2%] Built target geometry_msgs_generate_messages_py
[  2%] Built target _tiago_pick_demo_generate_messages_check_deps_PickUpPoseResult
[  2%] Built target _tiago_pick_demo_generate_messages_check_deps_PickUpPoseGoal
[  2%] Built target _tiago_pick_demo_generate_messages_check_deps_PickUpPoseAction
[  2%] Built target _tiago_pick_demo_generate_messages_check_deps_PickUpPoseActionFeedback
[  2%] Built target _tiago_pick_demo_generate_messages_check_deps_PickUpPoseFeedback
[  2%] Built target _tiago_pick_demo_generate_messages_check_deps_PickUpPoseActionGoal
[  2%] Built target actionlib_msgs_generate_messages_cpp
[  2%] Built target _tiago_pick_demo_generate_messages_check_deps_PickUpPoseActionResult
[  2%] Built target geometry_msgs_generate_messages_cpp
[  2%] Built target actionlib_msgs_generate_messages_eus
[  2%] Built target actionlib_msgs_generate_messages_lisp
[  2%] Built target geometry_msgs_generate_messages_eus
[  2%] Built target geometry_msgs_generate_messages_lisp
[  2%] Built target geometry_msgs_generate_messages_nodejs
[  2%] Built target actionlib_msgs_generate_messages_nodejs
[ 23%] Built target tiago_pick_demo_generate_messages_py
[ 63%] Built target tiago_pick_demo_generate_messages_cpp
[ 63%] Built target tiago_pick_demo_generate_messages_eus
[ 81%] Built target tiago_pick_demo_generate_messages_lisp
[100%] Built target tiago_pick_demo_generate_messages_nodejs
[100%] Built target tiago_pick_demo_generate_messages
