Linked: (/home/ghani/tiago_public_ws/devel/.private/pal_wifi_localization_msgs/lib/python2.7/dist-packages/pal_wifi_localization_msgs/__init__.py, /home/ghani/tiago_public_ws/devel/lib/python2.7/dist-packages/pal_wifi_localization_msgs/__init__.py)
Linked: (/home/ghani/tiago_public_ws/devel/.private/pal_wifi_localization_msgs/lib/python2.7/dist-packages/pal_wifi_localization_msgs/msg/_WifiSignal.py, /home/ghani/tiago_public_ws/devel/lib/python2.7/dist-packages/pal_wifi_localization_msgs/msg/_WifiSignal.py)
Linked: (/home/ghani/tiago_public_ws/devel/.private/pal_wifi_localization_msgs/lib/python2.7/dist-packages/pal_wifi_localization_msgs/msg/_WifiSignalList.py, /home/ghani/tiago_public_ws/devel/lib/python2.7/dist-packages/pal_wifi_localization_msgs/msg/_WifiSignalList.py)
Linked: (/home/ghani/tiago_public_ws/devel/.private/pal_wifi_localization_msgs/lib/python2.7/dist-packages/pal_wifi_localization_msgs/msg/_WifiSignalMap.py, /home/ghani/tiago_public_ws/devel/lib/python2.7/dist-packages/pal_wifi_localization_msgs/msg/_WifiSignalMap.py)
Linked: (/home/ghani/tiago_public_ws/devel/.private/pal_wifi_localization_msgs/lib/python2.7/dist-packages/pal_wifi_localization_msgs/msg/__init__.py, /home/ghani/tiago_public_ws/devel/lib/python2.7/dist-packages/pal_wifi_localization_msgs/msg/__init__.py)
Linked: (/home/ghani/tiago_public_ws/devel/.private/pal_wifi_localization_msgs/lib/python2.7/dist-packages/pal_wifi_localization_msgs/srv/_GetWifiMap.py, /home/ghani/tiago_public_ws/devel/lib/python2.7/dist-packages/pal_wifi_localization_msgs/srv/_GetWifiMap.py)
Linked: (/home/ghani/tiago_public_ws/devel/.private/pal_wifi_localization_msgs/lib/python2.7/dist-packages/pal_wifi_localization_msgs/srv/__init__.py, /home/ghani/tiago_public_ws/devel/lib/python2.7/dist-packages/pal_wifi_localization_msgs/srv/__init__.py)
Linked: (/home/ghani/tiago_public_ws/devel/.private/pal_wifi_localization_msgs/lib/pkgconfig/pal_wifi_localization_msgs.pc, /home/ghani/tiago_public_ws/devel/lib/pkgconfig/pal_wifi_localization_msgs.pc)
Linked: (/home/ghani/tiago_public_ws/devel/.private/pal_wifi_localization_msgs/include/pal_wifi_localization_msgs/GetWifiMapRequest.h, /home/ghani/tiago_public_ws/devel/include/pal_wifi_localization_msgs/GetWifiMapRequest.h)
Linked: (/home/ghani/tiago_public_ws/devel/.private/pal_wifi_localization_msgs/include/pal_wifi_localization_msgs/WifiSignalMap.h, /home/ghani/tiago_public_ws/devel/include/pal_wifi_localization_msgs/WifiSignalMap.h)
Linked: (/home/ghani/tiago_public_ws/devel/.private/pal_wifi_localization_msgs/include/pal_wifi_localization_msgs/WifiSignal.h, /home/ghani/tiago_public_ws/devel/include/pal_wifi_localization_msgs/WifiSignal.h)
Linked: (/home/ghani/tiago_public_ws/devel/.private/pal_wifi_localization_msgs/include/pal_wifi_localization_msgs/GetWifiMapResponse.h, /home/ghani/tiago_public_ws/devel/include/pal_wifi_localization_msgs/GetWifiMapResponse.h)
Linked: (/home/ghani/tiago_public_ws/devel/.private/pal_wifi_localization_msgs/include/pal_wifi_localization_msgs/GetWifiMap.h, /home/ghani/tiago_public_ws/devel/include/pal_wifi_localization_msgs/GetWifiMap.h)
Linked: (/home/ghani/tiago_public_ws/devel/.private/pal_wifi_localization_msgs/include/pal_wifi_localization_msgs/WifiSignalList.h, /home/ghani/tiago_public_ws/devel/include/pal_wifi_localization_msgs/WifiSignalList.h)
Linked: (/home/ghani/tiago_public_ws/devel/.private/pal_wifi_localization_msgs/share/gennodejs/ros/pal_wifi_localization_msgs/_index.js, /home/ghani/tiago_public_ws/devel/share/gennodejs/ros/pal_wifi_localization_msgs/_index.js)
Linked: (/home/ghani/tiago_public_ws/devel/.private/pal_wifi_localization_msgs/share/gennodejs/ros/pal_wifi_localization_msgs/msg/WifiSignal.js, /home/ghani/tiago_public_ws/devel/share/gennodejs/ros/pal_wifi_localization_msgs/msg/WifiSignal.js)
Linked: (/home/ghani/tiago_public_ws/devel/.private/pal_wifi_localization_msgs/share/gennodejs/ros/pal_wifi_localization_msgs/msg/_index.js, /home/ghani/tiago_public_ws/devel/share/gennodejs/ros/pal_wifi_localization_msgs/msg/_index.js)
Linked: (/home/ghani/tiago_public_ws/devel/.private/pal_wifi_localization_msgs/share/gennodejs/ros/pal_wifi_localization_msgs/msg/WifiSignalMap.js, /home/ghani/tiago_public_ws/devel/share/gennodejs/ros/pal_wifi_localization_msgs/msg/WifiSignalMap.js)
Linked: (/home/ghani/tiago_public_ws/devel/.private/pal_wifi_localization_msgs/share/gennodejs/ros/pal_wifi_localization_msgs/msg/WifiSignalList.js, /home/ghani/tiago_public_ws/devel/share/gennodejs/ros/pal_wifi_localization_msgs/msg/WifiSignalList.js)
Linked: (/home/ghani/tiago_public_ws/devel/.private/pal_wifi_localization_msgs/share/gennodejs/ros/pal_wifi_localization_msgs/srv/_index.js, /home/ghani/tiago_public_ws/devel/share/gennodejs/ros/pal_wifi_localization_msgs/srv/_index.js)
Linked: (/home/ghani/tiago_public_ws/devel/.private/pal_wifi_localization_msgs/share/gennodejs/ros/pal_wifi_localization_msgs/srv/GetWifiMap.js, /home/ghani/tiago_public_ws/devel/share/gennodejs/ros/pal_wifi_localization_msgs/srv/GetWifiMap.js)
Linked: (/home/ghani/tiago_public_ws/devel/.private/pal_wifi_localization_msgs/share/pal_wifi_localization_msgs/cmake/pal_wifi_localization_msgsConfig-version.cmake, /home/ghani/tiago_public_ws/devel/share/pal_wifi_localization_msgs/cmake/pal_wifi_localization_msgsConfig-version.cmake)
Linked: (/home/ghani/tiago_public_ws/devel/.private/pal_wifi_localization_msgs/share/pal_wifi_localization_msgs/cmake/pal_wifi_localization_msgs-msg-extras.cmake, /home/ghani/tiago_public_ws/devel/share/pal_wifi_localization_msgs/cmake/pal_wifi_localization_msgs-msg-extras.cmake)
Linked: (/home/ghani/tiago_public_ws/devel/.private/pal_wifi_localization_msgs/share/pal_wifi_localization_msgs/cmake/pal_wifi_localization_msgs-msg-paths.cmake, /home/ghani/tiago_public_ws/devel/share/pal_wifi_localization_msgs/cmake/pal_wifi_localization_msgs-msg-paths.cmake)
Linked: (/home/ghani/tiago_public_ws/devel/.private/pal_wifi_localization_msgs/share/pal_wifi_localization_msgs/cmake/pal_wifi_localization_msgsConfig.cmake, /home/ghani/tiago_public_ws/devel/share/pal_wifi_localization_msgs/cmake/pal_wifi_localization_msgsConfig.cmake)
Linked: (/home/ghani/tiago_public_ws/devel/.private/pal_wifi_localization_msgs/share/common-lisp/ros/pal_wifi_localization_msgs/msg/WifiSignal.lisp, /home/ghani/tiago_public_ws/devel/share/common-lisp/ros/pal_wifi_localization_msgs/msg/WifiSignal.lisp)
Linked: (/home/ghani/tiago_public_ws/devel/.private/pal_wifi_localization_msgs/share/common-lisp/ros/pal_wifi_localization_msgs/msg/pal_wifi_localization_msgs-msg.asd, /home/ghani/tiago_public_ws/devel/share/common-lisp/ros/pal_wifi_localization_msgs/msg/pal_wifi_localization_msgs-msg.asd)
Linked: (/home/ghani/tiago_public_ws/devel/.private/pal_wifi_localization_msgs/share/common-lisp/ros/pal_wifi_localization_msgs/msg/_package_WifiSignalMap.lisp, /home/ghani/tiago_public_ws/devel/share/common-lisp/ros/pal_wifi_localization_msgs/msg/_package_WifiSignalMap.lisp)
Linked: (/home/ghani/tiago_public_ws/devel/.private/pal_wifi_localization_msgs/share/common-lisp/ros/pal_wifi_localization_msgs/msg/WifiSignalList.lisp, /home/ghani/tiago_public_ws/devel/share/common-lisp/ros/pal_wifi_localization_msgs/msg/WifiSignalList.lisp)
Linked: (/home/ghani/tiago_public_ws/devel/.private/pal_wifi_localization_msgs/share/common-lisp/ros/pal_wifi_localization_msgs/msg/WifiSignalMap.lisp, /home/ghani/tiago_public_ws/devel/share/common-lisp/ros/pal_wifi_localization_msgs/msg/WifiSignalMap.lisp)
Linked: (/home/ghani/tiago_public_ws/devel/.private/pal_wifi_localization_msgs/share/common-lisp/ros/pal_wifi_localization_msgs/msg/_package.lisp, /home/ghani/tiago_public_ws/devel/share/common-lisp/ros/pal_wifi_localization_msgs/msg/_package.lisp)
Linked: (/home/ghani/tiago_public_ws/devel/.private/pal_wifi_localization_msgs/share/common-lisp/ros/pal_wifi_localization_msgs/msg/_package_WifiSignal.lisp, /home/ghani/tiago_public_ws/devel/share/common-lisp/ros/pal_wifi_localization_msgs/msg/_package_WifiSignal.lisp)
Linked: (/home/ghani/tiago_public_ws/devel/.private/pal_wifi_localization_msgs/share/common-lisp/ros/pal_wifi_localization_msgs/msg/_package_WifiSignalList.lisp, /home/ghani/tiago_public_ws/devel/share/common-lisp/ros/pal_wifi_localization_msgs/msg/_package_WifiSignalList.lisp)
Linked: (/home/ghani/tiago_public_ws/devel/.private/pal_wifi_localization_msgs/share/common-lisp/ros/pal_wifi_localization_msgs/srv/pal_wifi_localization_msgs-srv.asd, /home/ghani/tiago_public_ws/devel/share/common-lisp/ros/pal_wifi_localization_msgs/srv/pal_wifi_localization_msgs-srv.asd)
Linked: (/home/ghani/tiago_public_ws/devel/.private/pal_wifi_localization_msgs/share/common-lisp/ros/pal_wifi_localization_msgs/srv/GetWifiMap.lisp, /home/ghani/tiago_public_ws/devel/share/common-lisp/ros/pal_wifi_localization_msgs/srv/GetWifiMap.lisp)
Linked: (/home/ghani/tiago_public_ws/devel/.private/pal_wifi_localization_msgs/share/common-lisp/ros/pal_wifi_localization_msgs/srv/_package_GetWifiMap.lisp, /home/ghani/tiago_public_ws/devel/share/common-lisp/ros/pal_wifi_localization_msgs/srv/_package_GetWifiMap.lisp)
Linked: (/home/ghani/tiago_public_ws/devel/.private/pal_wifi_localization_msgs/share/common-lisp/ros/pal_wifi_localization_msgs/srv/_package.lisp, /home/ghani/tiago_public_ws/devel/share/common-lisp/ros/pal_wifi_localization_msgs/srv/_package.lisp)
Linked: (/home/ghani/tiago_public_ws/devel/.private/pal_wifi_localization_msgs/share/roseus/ros/pal_wifi_localization_msgs/manifest.l, /home/ghani/tiago_public_ws/devel/share/roseus/ros/pal_wifi_localization_msgs/manifest.l)
Linked: (/home/ghani/tiago_public_ws/devel/.private/pal_wifi_localization_msgs/share/roseus/ros/pal_wifi_localization_msgs/msg/WifiSignalMap.l, /home/ghani/tiago_public_ws/devel/share/roseus/ros/pal_wifi_localization_msgs/msg/WifiSignalMap.l)
Linked: (/home/ghani/tiago_public_ws/devel/.private/pal_wifi_localization_msgs/share/roseus/ros/pal_wifi_localization_msgs/msg/WifiSignal.l, /home/ghani/tiago_public_ws/devel/share/roseus/ros/pal_wifi_localization_msgs/msg/WifiSignal.l)
Linked: (/home/ghani/tiago_public_ws/devel/.private/pal_wifi_localization_msgs/share/roseus/ros/pal_wifi_localization_msgs/msg/WifiSignalList.l, /home/ghani/tiago_public_ws/devel/share/roseus/ros/pal_wifi_localization_msgs/msg/WifiSignalList.l)
Linked: (/home/ghani/tiago_public_ws/devel/.private/pal_wifi_localization_msgs/share/roseus/ros/pal_wifi_localization_msgs/srv/GetWifiMap.l, /home/ghani/tiago_public_ws/devel/share/roseus/ros/pal_wifi_localization_msgs/srv/GetWifiMap.l)
