[  0%] Built target diagnostic_msgs_generate_messages_py
[  0%] Built target _catkin_empty_exported_target
[  0%] Built target gazebo_msgs_generate_messages_cpp
[  0%] Built target gazebo_msgs_generate_messages_eus
[  0%] Built target gazebo_msgs_generate_messages_lisp
[  0%] Built target gazebo_msgs_generate_messages_nodejs
[  0%] Built target gazebo_msgs_generate_messages_py
[  0%] Built target std_msgs_generate_messages_cpp
[  0%] Built target std_msgs_generate_messages_eus
[  0%] Built target std_msgs_generate_messages_lisp
[  0%] Built target std_msgs_generate_messages_nodejs
[  0%] Built target std_msgs_generate_messages_py
[  0%] Built target trajectory_msgs_generate_messages_cpp
[  0%] Built target trajectory_msgs_generate_messages_eus
[  0%] Built target trajectory_msgs_generate_messages_lisp
[  0%] Built target trajectory_msgs_generate_messages_nodejs
[  0%] Built target trajectory_msgs_generate_messages_py
[  0%] Built target geometry_msgs_generate_messages_cpp
[  0%] Built target geometry_msgs_generate_messages_eus
[  0%] Built target geometry_msgs_generate_messages_nodejs
[  0%] Built target geometry_msgs_generate_messages_lisp
[  0%] Built target geometry_msgs_generate_messages_py
[  0%] Built target sensor_msgs_generate_messages_cpp
[  0%] Built target sensor_msgs_generate_messages_eus
[  0%] Built target sensor_msgs_generate_messages_lisp
[  0%] Built target sensor_msgs_generate_messages_nodejs
[  0%] Built target sensor_msgs_generate_messages_py
[  0%] Built target std_srvs_generate_messages_cpp
[  0%] Built target std_srvs_generate_messages_eus
[  0%] Built target std_srvs_generate_messages_lisp
[  0%] Built target std_srvs_generate_messages_nodejs
[  0%] Built target std_srvs_generate_messages_py
[  0%] Built target roscpp_generate_messages_cpp
[  0%] Built target roscpp_generate_messages_eus
[  0%] Built target roscpp_generate_messages_lisp
[  0%] Built target roscpp_generate_messages_nodejs
[  0%] Built target rosgraph_msgs_generate_messages_cpp
[  0%] Built target roscpp_generate_messages_py
[  0%] Built target rosgraph_msgs_generate_messages_lisp
[  0%] Built target rosgraph_msgs_generate_messages_eus
[  0%] Built target rosgraph_msgs_generate_messages_py
[  0%] Built target rosgraph_msgs_generate_messages_nodejs
[  0%] Built target nodelet_generate_messages_cpp
[  0%] Built target nodelet_generate_messages_eus
[  0%] Built target nodelet_generate_messages_lisp
[  0%] Built target nodelet_generate_messages_nodejs
[  0%] Built target nodelet_generate_messages_py
[  0%] Built target bond_generate_messages_cpp
[  0%] Built target bond_generate_messages_eus
[  0%] Built target bond_generate_messages_lisp
[  0%] Built target bond_generate_messages_nodejs
[  0%] Built target bond_generate_messages_py
[  0%] Built target nav_msgs_generate_messages_eus
[  0%] Built target nav_msgs_generate_messages_cpp
[  0%] Built target nav_msgs_generate_messages_lisp
[  0%] Built target nav_msgs_generate_messages_nodejs
[  0%] Built target nav_msgs_generate_messages_py
[  0%] Built target actionlib_msgs_generate_messages_cpp
[  0%] Built target actionlib_msgs_generate_messages_eus
[  0%] Built target actionlib_msgs_generate_messages_lisp
[  0%] Built target actionlib_msgs_generate_messages_nodejs
[  0%] Built target actionlib_msgs_generate_messages_py
[  0%] Built target tf_generate_messages_cpp
[  0%] Built target tf_generate_messages_eus
[  0%] Built target tf_generate_messages_lisp
[  0%] Built target tf_generate_messages_nodejs
[  0%] Built target tf_generate_messages_py
[  0%] Built target actionlib_generate_messages_cpp
[  0%] Built target actionlib_generate_messages_eus
[  0%] Built target actionlib_generate_messages_lisp
[  0%] Built target actionlib_generate_messages_nodejs
[  0%] Built target actionlib_generate_messages_py
[  0%] Built target tf2_msgs_generate_messages_cpp
[  0%] Built target tf2_msgs_generate_messages_eus
[  0%] Built target tf2_msgs_generate_messages_lisp
[  0%] Built target tf2_msgs_generate_messages_nodejs
[  0%] Built target tf2_msgs_generate_messages_py
[  0%] Built target dynamic_reconfigure_generate_messages_cpp
[  0%] Built target dynamic_reconfigure_generate_messages_eus
[  0%] Built target dynamic_reconfigure_generate_messages_lisp
[  0%] Built target dynamic_reconfigure_generate_messages_nodejs
[  0%] Built target dynamic_reconfigure_generate_messages_py
[  0%] Built target dynamic_reconfigure_gencfg
[  0%] Built target polled_camera_generate_messages_cpp
[  0%] Built target polled_camera_generate_messages_eus
[  0%] Built target polled_camera_generate_messages_lisp
[  0%] Built target polled_camera_generate_messages_nodejs
[  0%] Built target polled_camera_generate_messages_py
[  0%] Built target diagnostic_msgs_generate_messages_cpp
[  0%] Built target diagnostic_msgs_generate_messages_eus
[  0%] Built target diagnostic_msgs_generate_messages_lisp
[  0%] Built target diagnostic_msgs_generate_messages_nodejs
[  2%] Built target gazebo_ros_utils
[  5%] Built target MultiCameraPlugin
[  7%] Built target gazebo_ros_gpu_laser
[ 10%] Built target gazebo_ros_harness
[ 12%] Built target gazebo_ros_laser
[ 15%] Built target gazebo_ros_block_laser
[ 17%] Built target gazebo_ros_p3d
[ 20%] Built target gazebo_ros_imu
[ 23%] Built target gazebo_ros_imu_sensor
[ 25%] Built target gazebo_ros_f3d
[ 28%] Built target gazebo_ros_bumper
[ 30%] Built target gazebo_ros_projector
[ 33%] Built target gazebo_ros_force
[ 35%] Built target gazebo_ros_joint_trajectory
[ 38%] Built target gazebo_ros_joint_state_publisher
[ 41%] Built target gazebo_ros_joint_pose_trajectory
[ 43%] Built target gazebo_ros_diff_drive
[ 46%] Built target gazebo_ros_tricycle_drive
[ 48%] Built target gazebo_ros_skid_steer_drive
[ 51%] Built target gazebo_ros_planar_move
[ 53%] Built target gazebo_ros_video
[ 56%] Built target gazebo_ros_hand_of_god
[ 58%] Built target gazebo_ros_ft_sensor
[ 61%] Built target gazebo_ros_range
[ 64%] Built target gazebo_ros_vacuum_gripper
[ 69%] Built target gazebo_plugins_gencfg
[ 71%] Built target pub_joint_trajectory_test
[ 74%] Built target gazebo_ros_template
[ 76%] Built target hokuyo_node
[ 79%] Built target vision_reconfigure
[ 82%] Built target gazebo_ros_camera_utils
[ 84%] Built target gazebo_ros_elevator
[ 87%] Built target camera_synchronizer
[ 89%] Built target gazebo_ros_camera
[ 92%] Built target gazebo_ros_multicamera
[ 94%] Built target gazebo_ros_depth_camera
[ 97%] Built target gazebo_ros_openni_kinect
[100%] Built target gazebo_ros_prosilica
