[  0%] Built target actionlib_msgs_generate_messages_py
[  0%] Built target _play_motion_msgs_generate_messages_check_deps_PlayMotionActionResult
[  0%] Built target _play_motion_msgs_generate_messages_check_deps_PlayMotionGoal
[  0%] Built target _play_motion_msgs_generate_messages_check_deps_PlayMotionAction
[  0%] Built target _play_motion_msgs_generate_messages_check_deps_MotionInfo
[  0%] Built target _play_motion_msgs_generate_messages_check_deps_IsAlreadyThere
[  0%] Built target _play_motion_msgs_generate_messages_check_deps_PlayMotionActionFeedback
[  0%] Built target _play_motion_msgs_generate_messages_check_deps_PlayMotionFeedback
[  0%] Built target _play_motion_msgs_generate_messages_check_deps_PlayMotionActionGoal
[  0%] Built target actionlib_msgs_generate_messages_cpp
[  0%] Built target _play_motion_msgs_generate_messages_check_deps_ListMotions
[  0%] Built target actionlib_msgs_generate_messages_eus
[  0%] Built target actionlib_msgs_generate_messages_lisp
[  0%] Built target _play_motion_msgs_generate_messages_check_deps_PlayMotionResult
[  0%] Built target actionlib_msgs_generate_messages_nodejs
[ 41%] Built target play_motion_msgs_generate_messages_cpp
[ 41%] Built target play_motion_msgs_generate_messages_py
[ 62%] Built target play_motion_msgs_generate_messages_eus
[ 81%] Built target play_motion_msgs_generate_messages_lisp
[100%] Built target play_motion_msgs_generate_messages_nodejs
[100%] Built target play_motion_msgs_generate_messages
