Linked: (/home/ghani/tiago_public_ws/devel/.private/tf_lookup/lib/python2.7/dist-packages/tf_lookup/__init__.py, /home/ghani/tiago_public_ws/devel/lib/python2.7/dist-packages/tf_lookup/__init__.py)
Linked: (/home/ghani/tiago_public_ws/devel/.private/tf_lookup/lib/python2.7/dist-packages/tf_lookup/msg/_TfStreamActionGoal.py, /home/ghani/tiago_public_ws/devel/lib/python2.7/dist-packages/tf_lookup/msg/_TfStreamActionGoal.py)
Linked: (/home/ghani/tiago_public_ws/devel/.private/tf_lookup/lib/python2.7/dist-packages/tf_lookup/msg/_TfStreamResult.py, /home/ghani/tiago_public_ws/devel/lib/python2.7/dist-packages/tf_lookup/msg/_TfStreamResult.py)
Linked: (/home/ghani/tiago_public_ws/devel/.private/tf_lookup/lib/python2.7/dist-packages/tf_lookup/msg/_TfLookupFeedback.py, /home/ghani/tiago_public_ws/devel/lib/python2.7/dist-packages/tf_lookup/msg/_TfLookupFeedback.py)
Linked: (/home/ghani/tiago_public_ws/devel/.private/tf_lookup/lib/python2.7/dist-packages/tf_lookup/msg/_TfLookupActionResult.py, /home/ghani/tiago_public_ws/devel/lib/python2.7/dist-packages/tf_lookup/msg/_TfLookupActionResult.py)
Linked: (/home/ghani/tiago_public_ws/devel/.private/tf_lookup/lib/python2.7/dist-packages/tf_lookup/msg/_TfStreamAction.py, /home/ghani/tiago_public_ws/devel/lib/python2.7/dist-packages/tf_lookup/msg/_TfStreamAction.py)
Linked: (/home/ghani/tiago_public_ws/devel/.private/tf_lookup/lib/python2.7/dist-packages/tf_lookup/msg/_TfStreamFeedback.py, /home/ghani/tiago_public_ws/devel/lib/python2.7/dist-packages/tf_lookup/msg/_TfStreamFeedback.py)
Linked: (/home/ghani/tiago_public_ws/devel/.private/tf_lookup/lib/python2.7/dist-packages/tf_lookup/msg/_TfStreamActionResult.py, /home/ghani/tiago_public_ws/devel/lib/python2.7/dist-packages/tf_lookup/msg/_TfStreamActionResult.py)
Linked: (/home/ghani/tiago_public_ws/devel/.private/tf_lookup/lib/python2.7/dist-packages/tf_lookup/msg/_TfStreamGoal.py, /home/ghani/tiago_public_ws/devel/lib/python2.7/dist-packages/tf_lookup/msg/_TfStreamGoal.py)
Linked: (/home/ghani/tiago_public_ws/devel/.private/tf_lookup/lib/python2.7/dist-packages/tf_lookup/msg/_Subscription.py, /home/ghani/tiago_public_ws/devel/lib/python2.7/dist-packages/tf_lookup/msg/_Subscription.py)
Linked: (/home/ghani/tiago_public_ws/devel/.private/tf_lookup/lib/python2.7/dist-packages/tf_lookup/msg/_TfLookupGoal.py, /home/ghani/tiago_public_ws/devel/lib/python2.7/dist-packages/tf_lookup/msg/_TfLookupGoal.py)
Linked: (/home/ghani/tiago_public_ws/devel/.private/tf_lookup/lib/python2.7/dist-packages/tf_lookup/msg/_TfLookupResult.py, /home/ghani/tiago_public_ws/devel/lib/python2.7/dist-packages/tf_lookup/msg/_TfLookupResult.py)
Linked: (/home/ghani/tiago_public_ws/devel/.private/tf_lookup/lib/python2.7/dist-packages/tf_lookup/msg/_TfLookupActionGoal.py, /home/ghani/tiago_public_ws/devel/lib/python2.7/dist-packages/tf_lookup/msg/_TfLookupActionGoal.py)
Linked: (/home/ghani/tiago_public_ws/devel/.private/tf_lookup/lib/python2.7/dist-packages/tf_lookup/msg/_TfStreamActionFeedback.py, /home/ghani/tiago_public_ws/devel/lib/python2.7/dist-packages/tf_lookup/msg/_TfStreamActionFeedback.py)
Linked: (/home/ghani/tiago_public_ws/devel/.private/tf_lookup/lib/python2.7/dist-packages/tf_lookup/msg/_TfLookupAction.py, /home/ghani/tiago_public_ws/devel/lib/python2.7/dist-packages/tf_lookup/msg/_TfLookupAction.py)
Linked: (/home/ghani/tiago_public_ws/devel/.private/tf_lookup/lib/python2.7/dist-packages/tf_lookup/msg/_TfLookupActionFeedback.py, /home/ghani/tiago_public_ws/devel/lib/python2.7/dist-packages/tf_lookup/msg/_TfLookupActionFeedback.py)
Linked: (/home/ghani/tiago_public_ws/devel/.private/tf_lookup/lib/python2.7/dist-packages/tf_lookup/msg/__init__.py, /home/ghani/tiago_public_ws/devel/lib/python2.7/dist-packages/tf_lookup/msg/__init__.py)
Linked: (/home/ghani/tiago_public_ws/devel/.private/tf_lookup/lib/python2.7/dist-packages/tf_lookup/srv/_lookupTransform.py, /home/ghani/tiago_public_ws/devel/lib/python2.7/dist-packages/tf_lookup/srv/_lookupTransform.py)
Linked: (/home/ghani/tiago_public_ws/devel/.private/tf_lookup/lib/python2.7/dist-packages/tf_lookup/srv/__init__.py, /home/ghani/tiago_public_ws/devel/lib/python2.7/dist-packages/tf_lookup/srv/__init__.py)
Linked: (/home/ghani/tiago_public_ws/devel/.private/tf_lookup/lib/tf_lookup/tf_lookup, /home/ghani/tiago_public_ws/devel/lib/tf_lookup/tf_lookup)
Linked: (/home/ghani/tiago_public_ws/devel/.private/tf_lookup/lib/pkgconfig/tf_lookup.pc, /home/ghani/tiago_public_ws/devel/lib/pkgconfig/tf_lookup.pc)
Linked: (/home/ghani/tiago_public_ws/devel/.private/tf_lookup/include/tf_lookup/Subscription.h, /home/ghani/tiago_public_ws/devel/include/tf_lookup/Subscription.h)
Linked: (/home/ghani/tiago_public_ws/devel/.private/tf_lookup/include/tf_lookup/TfStreamFeedback.h, /home/ghani/tiago_public_ws/devel/include/tf_lookup/TfStreamFeedback.h)
Linked: (/home/ghani/tiago_public_ws/devel/.private/tf_lookup/include/tf_lookup/TfLookupActionFeedback.h, /home/ghani/tiago_public_ws/devel/include/tf_lookup/TfLookupActionFeedback.h)
Linked: (/home/ghani/tiago_public_ws/devel/.private/tf_lookup/include/tf_lookup/TfStreamGoal.h, /home/ghani/tiago_public_ws/devel/include/tf_lookup/TfStreamGoal.h)
Linked: (/home/ghani/tiago_public_ws/devel/.private/tf_lookup/include/tf_lookup/TfStreamActionGoal.h, /home/ghani/tiago_public_ws/devel/include/tf_lookup/TfStreamActionGoal.h)
Linked: (/home/ghani/tiago_public_ws/devel/.private/tf_lookup/include/tf_lookup/TfStreamAction.h, /home/ghani/tiago_public_ws/devel/include/tf_lookup/TfStreamAction.h)
Linked: (/home/ghani/tiago_public_ws/devel/.private/tf_lookup/include/tf_lookup/TfLookupAction.h, /home/ghani/tiago_public_ws/devel/include/tf_lookup/TfLookupAction.h)
Linked: (/home/ghani/tiago_public_ws/devel/.private/tf_lookup/include/tf_lookup/TfStreamResult.h, /home/ghani/tiago_public_ws/devel/include/tf_lookup/TfStreamResult.h)
Linked: (/home/ghani/tiago_public_ws/devel/.private/tf_lookup/include/tf_lookup/TfLookupFeedback.h, /home/ghani/tiago_public_ws/devel/include/tf_lookup/TfLookupFeedback.h)
Linked: (/home/ghani/tiago_public_ws/devel/.private/tf_lookup/include/tf_lookup/lookupTransformRequest.h, /home/ghani/tiago_public_ws/devel/include/tf_lookup/lookupTransformRequest.h)
Linked: (/home/ghani/tiago_public_ws/devel/.private/tf_lookup/include/tf_lookup/TfStreamActionFeedback.h, /home/ghani/tiago_public_ws/devel/include/tf_lookup/TfStreamActionFeedback.h)
Linked: (/home/ghani/tiago_public_ws/devel/.private/tf_lookup/include/tf_lookup/lookupTransform.h, /home/ghani/tiago_public_ws/devel/include/tf_lookup/lookupTransform.h)
Linked: (/home/ghani/tiago_public_ws/devel/.private/tf_lookup/include/tf_lookup/TfStreamActionResult.h, /home/ghani/tiago_public_ws/devel/include/tf_lookup/TfStreamActionResult.h)
Linked: (/home/ghani/tiago_public_ws/devel/.private/tf_lookup/include/tf_lookup/lookupTransformResponse.h, /home/ghani/tiago_public_ws/devel/include/tf_lookup/lookupTransformResponse.h)
Linked: (/home/ghani/tiago_public_ws/devel/.private/tf_lookup/include/tf_lookup/TfLookupActionGoal.h, /home/ghani/tiago_public_ws/devel/include/tf_lookup/TfLookupActionGoal.h)
Linked: (/home/ghani/tiago_public_ws/devel/.private/tf_lookup/include/tf_lookup/TfLookupGoal.h, /home/ghani/tiago_public_ws/devel/include/tf_lookup/TfLookupGoal.h)
Linked: (/home/ghani/tiago_public_ws/devel/.private/tf_lookup/include/tf_lookup/TfLookupActionResult.h, /home/ghani/tiago_public_ws/devel/include/tf_lookup/TfLookupActionResult.h)
Linked: (/home/ghani/tiago_public_ws/devel/.private/tf_lookup/include/tf_lookup/TfLookupResult.h, /home/ghani/tiago_public_ws/devel/include/tf_lookup/TfLookupResult.h)
Linked: (/home/ghani/tiago_public_ws/devel/.private/tf_lookup/share/gennodejs/ros/tf_lookup/_index.js, /home/ghani/tiago_public_ws/devel/share/gennodejs/ros/tf_lookup/_index.js)
Linked: (/home/ghani/tiago_public_ws/devel/.private/tf_lookup/share/gennodejs/ros/tf_lookup/msg/TfStreamGoal.js, /home/ghani/tiago_public_ws/devel/share/gennodejs/ros/tf_lookup/msg/TfStreamGoal.js)
Linked: (/home/ghani/tiago_public_ws/devel/.private/tf_lookup/share/gennodejs/ros/tf_lookup/msg/TfStreamActionFeedback.js, /home/ghani/tiago_public_ws/devel/share/gennodejs/ros/tf_lookup/msg/TfStreamActionFeedback.js)
Linked: (/home/ghani/tiago_public_ws/devel/.private/tf_lookup/share/gennodejs/ros/tf_lookup/msg/TfStreamActionGoal.js, /home/ghani/tiago_public_ws/devel/share/gennodejs/ros/tf_lookup/msg/TfStreamActionGoal.js)
Linked: (/home/ghani/tiago_public_ws/devel/.private/tf_lookup/share/gennodejs/ros/tf_lookup/msg/TfLookupResult.js, /home/ghani/tiago_public_ws/devel/share/gennodejs/ros/tf_lookup/msg/TfLookupResult.js)
Linked: (/home/ghani/tiago_public_ws/devel/.private/tf_lookup/share/gennodejs/ros/tf_lookup/msg/TfLookupGoal.js, /home/ghani/tiago_public_ws/devel/share/gennodejs/ros/tf_lookup/msg/TfLookupGoal.js)
Linked: (/home/ghani/tiago_public_ws/devel/.private/tf_lookup/share/gennodejs/ros/tf_lookup/msg/TfLookupActionGoal.js, /home/ghani/tiago_public_ws/devel/share/gennodejs/ros/tf_lookup/msg/TfLookupActionGoal.js)
Linked: (/home/ghani/tiago_public_ws/devel/.private/tf_lookup/share/gennodejs/ros/tf_lookup/msg/TfLookupFeedback.js, /home/ghani/tiago_public_ws/devel/share/gennodejs/ros/tf_lookup/msg/TfLookupFeedback.js)
Linked: (/home/ghani/tiago_public_ws/devel/.private/tf_lookup/share/gennodejs/ros/tf_lookup/msg/_index.js, /home/ghani/tiago_public_ws/devel/share/gennodejs/ros/tf_lookup/msg/_index.js)
Linked: (/home/ghani/tiago_public_ws/devel/.private/tf_lookup/share/gennodejs/ros/tf_lookup/msg/TfStreamFeedback.js, /home/ghani/tiago_public_ws/devel/share/gennodejs/ros/tf_lookup/msg/TfStreamFeedback.js)
Linked: (/home/ghani/tiago_public_ws/devel/.private/tf_lookup/share/gennodejs/ros/tf_lookup/msg/Subscription.js, /home/ghani/tiago_public_ws/devel/share/gennodejs/ros/tf_lookup/msg/Subscription.js)
Linked: (/home/ghani/tiago_public_ws/devel/.private/tf_lookup/share/gennodejs/ros/tf_lookup/msg/TfStreamResult.js, /home/ghani/tiago_public_ws/devel/share/gennodejs/ros/tf_lookup/msg/TfStreamResult.js)
Linked: (/home/ghani/tiago_public_ws/devel/.private/tf_lookup/share/gennodejs/ros/tf_lookup/msg/TfStreamActionResult.js, /home/ghani/tiago_public_ws/devel/share/gennodejs/ros/tf_lookup/msg/TfStreamActionResult.js)
Linked: (/home/ghani/tiago_public_ws/devel/.private/tf_lookup/share/gennodejs/ros/tf_lookup/msg/TfStreamAction.js, /home/ghani/tiago_public_ws/devel/share/gennodejs/ros/tf_lookup/msg/TfStreamAction.js)
Linked: (/home/ghani/tiago_public_ws/devel/.private/tf_lookup/share/gennodejs/ros/tf_lookup/msg/TfLookupActionFeedback.js, /home/ghani/tiago_public_ws/devel/share/gennodejs/ros/tf_lookup/msg/TfLookupActionFeedback.js)
Linked: (/home/ghani/tiago_public_ws/devel/.private/tf_lookup/share/gennodejs/ros/tf_lookup/msg/TfLookupAction.js, /home/ghani/tiago_public_ws/devel/share/gennodejs/ros/tf_lookup/msg/TfLookupAction.js)
Linked: (/home/ghani/tiago_public_ws/devel/.private/tf_lookup/share/gennodejs/ros/tf_lookup/msg/TfLookupActionResult.js, /home/ghani/tiago_public_ws/devel/share/gennodejs/ros/tf_lookup/msg/TfLookupActionResult.js)
Linked: (/home/ghani/tiago_public_ws/devel/.private/tf_lookup/share/gennodejs/ros/tf_lookup/srv/lookupTransform.js, /home/ghani/tiago_public_ws/devel/share/gennodejs/ros/tf_lookup/srv/lookupTransform.js)
Linked: (/home/ghani/tiago_public_ws/devel/.private/tf_lookup/share/gennodejs/ros/tf_lookup/srv/_index.js, /home/ghani/tiago_public_ws/devel/share/gennodejs/ros/tf_lookup/srv/_index.js)
Linked: (/home/ghani/tiago_public_ws/devel/.private/tf_lookup/share/common-lisp/ros/tf_lookup/msg/_package_TfStreamFeedback.lisp, /home/ghani/tiago_public_ws/devel/share/common-lisp/ros/tf_lookup/msg/_package_TfStreamFeedback.lisp)
Linked: (/home/ghani/tiago_public_ws/devel/.private/tf_lookup/share/common-lisp/ros/tf_lookup/msg/TfLookupAction.lisp, /home/ghani/tiago_public_ws/devel/share/common-lisp/ros/tf_lookup/msg/TfLookupAction.lisp)
Linked: (/home/ghani/tiago_public_ws/devel/.private/tf_lookup/share/common-lisp/ros/tf_lookup/msg/tf_lookup-msg.asd, /home/ghani/tiago_public_ws/devel/share/common-lisp/ros/tf_lookup/msg/tf_lookup-msg.asd)
Linked: (/home/ghani/tiago_public_ws/devel/.private/tf_lookup/share/common-lisp/ros/tf_lookup/msg/_package_TfStreamActionFeedback.lisp, /home/ghani/tiago_public_ws/devel/share/common-lisp/ros/tf_lookup/msg/_package_TfStreamActionFeedback.lisp)
Linked: (/home/ghani/tiago_public_ws/devel/.private/tf_lookup/share/common-lisp/ros/tf_lookup/msg/Subscription.lisp, /home/ghani/tiago_public_ws/devel/share/common-lisp/ros/tf_lookup/msg/Subscription.lisp)
Linked: (/home/ghani/tiago_public_ws/devel/.private/tf_lookup/share/common-lisp/ros/tf_lookup/msg/_package_TfLookupAction.lisp, /home/ghani/tiago_public_ws/devel/share/common-lisp/ros/tf_lookup/msg/_package_TfLookupAction.lisp)
Linked: (/home/ghani/tiago_public_ws/devel/.private/tf_lookup/share/common-lisp/ros/tf_lookup/msg/TfLookupFeedback.lisp, /home/ghani/tiago_public_ws/devel/share/common-lisp/ros/tf_lookup/msg/TfLookupFeedback.lisp)
Linked: (/home/ghani/tiago_public_ws/devel/.private/tf_lookup/share/common-lisp/ros/tf_lookup/msg/_package_TfStreamAction.lisp, /home/ghani/tiago_public_ws/devel/share/common-lisp/ros/tf_lookup/msg/_package_TfStreamAction.lisp)
Linked: (/home/ghani/tiago_public_ws/devel/.private/tf_lookup/share/common-lisp/ros/tf_lookup/msg/_package_TfLookupActionGoal.lisp, /home/ghani/tiago_public_ws/devel/share/common-lisp/ros/tf_lookup/msg/_package_TfLookupActionGoal.lisp)
Linked: (/home/ghani/tiago_public_ws/devel/.private/tf_lookup/share/common-lisp/ros/tf_lookup/msg/TfLookupActionGoal.lisp, /home/ghani/tiago_public_ws/devel/share/common-lisp/ros/tf_lookup/msg/TfLookupActionGoal.lisp)
Linked: (/home/ghani/tiago_public_ws/devel/.private/tf_lookup/share/common-lisp/ros/tf_lookup/msg/TfStreamGoal.lisp, /home/ghani/tiago_public_ws/devel/share/common-lisp/ros/tf_lookup/msg/TfStreamGoal.lisp)
Linked: (/home/ghani/tiago_public_ws/devel/.private/tf_lookup/share/common-lisp/ros/tf_lookup/msg/_package_TfLookupResult.lisp, /home/ghani/tiago_public_ws/devel/share/common-lisp/ros/tf_lookup/msg/_package_TfLookupResult.lisp)
Linked: (/home/ghani/tiago_public_ws/devel/.private/tf_lookup/share/common-lisp/ros/tf_lookup/msg/TfLookupActionFeedback.lisp, /home/ghani/tiago_public_ws/devel/share/common-lisp/ros/tf_lookup/msg/TfLookupActionFeedback.lisp)
Linked: (/home/ghani/tiago_public_ws/devel/.private/tf_lookup/share/common-lisp/ros/tf_lookup/msg/_package_TfLookupGoal.lisp, /home/ghani/tiago_public_ws/devel/share/common-lisp/ros/tf_lookup/msg/_package_TfLookupGoal.lisp)
Linked: (/home/ghani/tiago_public_ws/devel/.private/tf_lookup/share/common-lisp/ros/tf_lookup/msg/TfLookupActionResult.lisp, /home/ghani/tiago_public_ws/devel/share/common-lisp/ros/tf_lookup/msg/TfLookupActionResult.lisp)
Linked: (/home/ghani/tiago_public_ws/devel/.private/tf_lookup/share/common-lisp/ros/tf_lookup/msg/_package_TfLookupActionResult.lisp, /home/ghani/tiago_public_ws/devel/share/common-lisp/ros/tf_lookup/msg/_package_TfLookupActionResult.lisp)
Linked: (/home/ghani/tiago_public_ws/devel/.private/tf_lookup/share/common-lisp/ros/tf_lookup/msg/_package_TfStreamGoal.lisp, /home/ghani/tiago_public_ws/devel/share/common-lisp/ros/tf_lookup/msg/_package_TfStreamGoal.lisp)
Linked: (/home/ghani/tiago_public_ws/devel/.private/tf_lookup/share/common-lisp/ros/tf_lookup/msg/TfStreamResult.lisp, /home/ghani/tiago_public_ws/devel/share/common-lisp/ros/tf_lookup/msg/TfStreamResult.lisp)
Linked: (/home/ghani/tiago_public_ws/devel/.private/tf_lookup/share/common-lisp/ros/tf_lookup/msg/TfLookupResult.lisp, /home/ghani/tiago_public_ws/devel/share/common-lisp/ros/tf_lookup/msg/TfLookupResult.lisp)
Linked: (/home/ghani/tiago_public_ws/devel/.private/tf_lookup/share/common-lisp/ros/tf_lookup/msg/_package_TfStreamResult.lisp, /home/ghani/tiago_public_ws/devel/share/common-lisp/ros/tf_lookup/msg/_package_TfStreamResult.lisp)
Linked: (/home/ghani/tiago_public_ws/devel/.private/tf_lookup/share/common-lisp/ros/tf_lookup/msg/TfLookupGoal.lisp, /home/ghani/tiago_public_ws/devel/share/common-lisp/ros/tf_lookup/msg/TfLookupGoal.lisp)
Linked: (/home/ghani/tiago_public_ws/devel/.private/tf_lookup/share/common-lisp/ros/tf_lookup/msg/TfStreamFeedback.lisp, /home/ghani/tiago_public_ws/devel/share/common-lisp/ros/tf_lookup/msg/TfStreamFeedback.lisp)
Linked: (/home/ghani/tiago_public_ws/devel/.private/tf_lookup/share/common-lisp/ros/tf_lookup/msg/TfStreamActionFeedback.lisp, /home/ghani/tiago_public_ws/devel/share/common-lisp/ros/tf_lookup/msg/TfStreamActionFeedback.lisp)
Linked: (/home/ghani/tiago_public_ws/devel/.private/tf_lookup/share/common-lisp/ros/tf_lookup/msg/_package_TfStreamActionGoal.lisp, /home/ghani/tiago_public_ws/devel/share/common-lisp/ros/tf_lookup/msg/_package_TfStreamActionGoal.lisp)
Linked: (/home/ghani/tiago_public_ws/devel/.private/tf_lookup/share/common-lisp/ros/tf_lookup/msg/_package_Subscription.lisp, /home/ghani/tiago_public_ws/devel/share/common-lisp/ros/tf_lookup/msg/_package_Subscription.lisp)
Linked: (/home/ghani/tiago_public_ws/devel/.private/tf_lookup/share/common-lisp/ros/tf_lookup/msg/_package_TfStreamActionResult.lisp, /home/ghani/tiago_public_ws/devel/share/common-lisp/ros/tf_lookup/msg/_package_TfStreamActionResult.lisp)
Linked: (/home/ghani/tiago_public_ws/devel/.private/tf_lookup/share/common-lisp/ros/tf_lookup/msg/_package_TfLookupFeedback.lisp, /home/ghani/tiago_public_ws/devel/share/common-lisp/ros/tf_lookup/msg/_package_TfLookupFeedback.lisp)
Linked: (/home/ghani/tiago_public_ws/devel/.private/tf_lookup/share/common-lisp/ros/tf_lookup/msg/_package.lisp, /home/ghani/tiago_public_ws/devel/share/common-lisp/ros/tf_lookup/msg/_package.lisp)
Linked: (/home/ghani/tiago_public_ws/devel/.private/tf_lookup/share/common-lisp/ros/tf_lookup/msg/TfStreamAction.lisp, /home/ghani/tiago_public_ws/devel/share/common-lisp/ros/tf_lookup/msg/TfStreamAction.lisp)
Linked: (/home/ghani/tiago_public_ws/devel/.private/tf_lookup/share/common-lisp/ros/tf_lookup/msg/TfStreamActionGoal.lisp, /home/ghani/tiago_public_ws/devel/share/common-lisp/ros/tf_lookup/msg/TfStreamActionGoal.lisp)
Linked: (/home/ghani/tiago_public_ws/devel/.private/tf_lookup/share/common-lisp/ros/tf_lookup/msg/_package_TfLookupActionFeedback.lisp, /home/ghani/tiago_public_ws/devel/share/common-lisp/ros/tf_lookup/msg/_package_TfLookupActionFeedback.lisp)
Linked: (/home/ghani/tiago_public_ws/devel/.private/tf_lookup/share/common-lisp/ros/tf_lookup/msg/TfStreamActionResult.lisp, /home/ghani/tiago_public_ws/devel/share/common-lisp/ros/tf_lookup/msg/TfStreamActionResult.lisp)
Linked: (/home/ghani/tiago_public_ws/devel/.private/tf_lookup/share/common-lisp/ros/tf_lookup/srv/tf_lookup-srv.asd, /home/ghani/tiago_public_ws/devel/share/common-lisp/ros/tf_lookup/srv/tf_lookup-srv.asd)
Linked: (/home/ghani/tiago_public_ws/devel/.private/tf_lookup/share/common-lisp/ros/tf_lookup/srv/_package_lookupTransform.lisp, /home/ghani/tiago_public_ws/devel/share/common-lisp/ros/tf_lookup/srv/_package_lookupTransform.lisp)
Linked: (/home/ghani/tiago_public_ws/devel/.private/tf_lookup/share/common-lisp/ros/tf_lookup/srv/_package.lisp, /home/ghani/tiago_public_ws/devel/share/common-lisp/ros/tf_lookup/srv/_package.lisp)
Linked: (/home/ghani/tiago_public_ws/devel/.private/tf_lookup/share/common-lisp/ros/tf_lookup/srv/lookupTransform.lisp, /home/ghani/tiago_public_ws/devel/share/common-lisp/ros/tf_lookup/srv/lookupTransform.lisp)
Linked: (/home/ghani/tiago_public_ws/devel/.private/tf_lookup/share/tf_lookup/cmake/tf_lookupConfig-version.cmake, /home/ghani/tiago_public_ws/devel/share/tf_lookup/cmake/tf_lookupConfig-version.cmake)
Linked: (/home/ghani/tiago_public_ws/devel/.private/tf_lookup/share/tf_lookup/cmake/tf_lookup-msg-paths.cmake, /home/ghani/tiago_public_ws/devel/share/tf_lookup/cmake/tf_lookup-msg-paths.cmake)
Linked: (/home/ghani/tiago_public_ws/devel/.private/tf_lookup/share/tf_lookup/cmake/tf_lookupConfig.cmake, /home/ghani/tiago_public_ws/devel/share/tf_lookup/cmake/tf_lookupConfig.cmake)
Linked: (/home/ghani/tiago_public_ws/devel/.private/tf_lookup/share/tf_lookup/cmake/tf_lookup-msg-extras.cmake, /home/ghani/tiago_public_ws/devel/share/tf_lookup/cmake/tf_lookup-msg-extras.cmake)
Linked: (/home/ghani/tiago_public_ws/devel/.private/tf_lookup/share/tf_lookup/msg/TfLookupActionFeedback.msg, /home/ghani/tiago_public_ws/devel/share/tf_lookup/msg/TfLookupActionFeedback.msg)
Linked: (/home/ghani/tiago_public_ws/devel/.private/tf_lookup/share/tf_lookup/msg/TfLookupFeedback.msg, /home/ghani/tiago_public_ws/devel/share/tf_lookup/msg/TfLookupFeedback.msg)
Linked: (/home/ghani/tiago_public_ws/devel/.private/tf_lookup/share/tf_lookup/msg/TfStreamFeedback.msg, /home/ghani/tiago_public_ws/devel/share/tf_lookup/msg/TfStreamFeedback.msg)
Linked: (/home/ghani/tiago_public_ws/devel/.private/tf_lookup/share/tf_lookup/msg/TfLookupGoal.msg, /home/ghani/tiago_public_ws/devel/share/tf_lookup/msg/TfLookupGoal.msg)
Linked: (/home/ghani/tiago_public_ws/devel/.private/tf_lookup/share/tf_lookup/msg/TfStreamActionFeedback.msg, /home/ghani/tiago_public_ws/devel/share/tf_lookup/msg/TfStreamActionFeedback.msg)
Linked: (/home/ghani/tiago_public_ws/devel/.private/tf_lookup/share/tf_lookup/msg/TfLookupActionResult.msg, /home/ghani/tiago_public_ws/devel/share/tf_lookup/msg/TfLookupActionResult.msg)
Linked: (/home/ghani/tiago_public_ws/devel/.private/tf_lookup/share/tf_lookup/msg/TfLookupAction.msg, /home/ghani/tiago_public_ws/devel/share/tf_lookup/msg/TfLookupAction.msg)
Linked: (/home/ghani/tiago_public_ws/devel/.private/tf_lookup/share/tf_lookup/msg/TfLookupResult.msg, /home/ghani/tiago_public_ws/devel/share/tf_lookup/msg/TfLookupResult.msg)
Linked: (/home/ghani/tiago_public_ws/devel/.private/tf_lookup/share/tf_lookup/msg/TfStreamAction.msg, /home/ghani/tiago_public_ws/devel/share/tf_lookup/msg/TfStreamAction.msg)
Linked: (/home/ghani/tiago_public_ws/devel/.private/tf_lookup/share/tf_lookup/msg/TfStreamGoal.msg, /home/ghani/tiago_public_ws/devel/share/tf_lookup/msg/TfStreamGoal.msg)
Linked: (/home/ghani/tiago_public_ws/devel/.private/tf_lookup/share/tf_lookup/msg/TfStreamResult.msg, /home/ghani/tiago_public_ws/devel/share/tf_lookup/msg/TfStreamResult.msg)
Linked: (/home/ghani/tiago_public_ws/devel/.private/tf_lookup/share/tf_lookup/msg/TfLookupActionGoal.msg, /home/ghani/tiago_public_ws/devel/share/tf_lookup/msg/TfLookupActionGoal.msg)
Linked: (/home/ghani/tiago_public_ws/devel/.private/tf_lookup/share/tf_lookup/msg/TfStreamActionGoal.msg, /home/ghani/tiago_public_ws/devel/share/tf_lookup/msg/TfStreamActionGoal.msg)
Linked: (/home/ghani/tiago_public_ws/devel/.private/tf_lookup/share/tf_lookup/msg/TfStreamActionResult.msg, /home/ghani/tiago_public_ws/devel/share/tf_lookup/msg/TfStreamActionResult.msg)
Linked: (/home/ghani/tiago_public_ws/devel/.private/tf_lookup/share/roseus/ros/tf_lookup/manifest.l, /home/ghani/tiago_public_ws/devel/share/roseus/ros/tf_lookup/manifest.l)
Linked: (/home/ghani/tiago_public_ws/devel/.private/tf_lookup/share/roseus/ros/tf_lookup/msg/TfLookupActionFeedback.l, /home/ghani/tiago_public_ws/devel/share/roseus/ros/tf_lookup/msg/TfLookupActionFeedback.l)
Linked: (/home/ghani/tiago_public_ws/devel/.private/tf_lookup/share/roseus/ros/tf_lookup/msg/TfStreamActionResult.l, /home/ghani/tiago_public_ws/devel/share/roseus/ros/tf_lookup/msg/TfStreamActionResult.l)
Linked: (/home/ghani/tiago_public_ws/devel/.private/tf_lookup/share/roseus/ros/tf_lookup/msg/TfStreamFeedback.l, /home/ghani/tiago_public_ws/devel/share/roseus/ros/tf_lookup/msg/TfStreamFeedback.l)
Linked: (/home/ghani/tiago_public_ws/devel/.private/tf_lookup/share/roseus/ros/tf_lookup/msg/TfStreamActionFeedback.l, /home/ghani/tiago_public_ws/devel/share/roseus/ros/tf_lookup/msg/TfStreamActionFeedback.l)
Linked: (/home/ghani/tiago_public_ws/devel/.private/tf_lookup/share/roseus/ros/tf_lookup/msg/Subscription.l, /home/ghani/tiago_public_ws/devel/share/roseus/ros/tf_lookup/msg/Subscription.l)
Linked: (/home/ghani/tiago_public_ws/devel/.private/tf_lookup/share/roseus/ros/tf_lookup/msg/TfLookupFeedback.l, /home/ghani/tiago_public_ws/devel/share/roseus/ros/tf_lookup/msg/TfLookupFeedback.l)
Linked: (/home/ghani/tiago_public_ws/devel/.private/tf_lookup/share/roseus/ros/tf_lookup/msg/TfLookupActionGoal.l, /home/ghani/tiago_public_ws/devel/share/roseus/ros/tf_lookup/msg/TfLookupActionGoal.l)
Linked: (/home/ghani/tiago_public_ws/devel/.private/tf_lookup/share/roseus/ros/tf_lookup/msg/TfStreamResult.l, /home/ghani/tiago_public_ws/devel/share/roseus/ros/tf_lookup/msg/TfStreamResult.l)
Linked: (/home/ghani/tiago_public_ws/devel/.private/tf_lookup/share/roseus/ros/tf_lookup/msg/TfStreamAction.l, /home/ghani/tiago_public_ws/devel/share/roseus/ros/tf_lookup/msg/TfStreamAction.l)
Linked: (/home/ghani/tiago_public_ws/devel/.private/tf_lookup/share/roseus/ros/tf_lookup/msg/TfLookupAction.l, /home/ghani/tiago_public_ws/devel/share/roseus/ros/tf_lookup/msg/TfLookupAction.l)
Linked: (/home/ghani/tiago_public_ws/devel/.private/tf_lookup/share/roseus/ros/tf_lookup/msg/TfLookupGoal.l, /home/ghani/tiago_public_ws/devel/share/roseus/ros/tf_lookup/msg/TfLookupGoal.l)
Linked: (/home/ghani/tiago_public_ws/devel/.private/tf_lookup/share/roseus/ros/tf_lookup/msg/TfStreamGoal.l, /home/ghani/tiago_public_ws/devel/share/roseus/ros/tf_lookup/msg/TfStreamGoal.l)
Linked: (/home/ghani/tiago_public_ws/devel/.private/tf_lookup/share/roseus/ros/tf_lookup/msg/TfStreamActionGoal.l, /home/ghani/tiago_public_ws/devel/share/roseus/ros/tf_lookup/msg/TfStreamActionGoal.l)
Linked: (/home/ghani/tiago_public_ws/devel/.private/tf_lookup/share/roseus/ros/tf_lookup/msg/TfLookupActionResult.l, /home/ghani/tiago_public_ws/devel/share/roseus/ros/tf_lookup/msg/TfLookupActionResult.l)
Linked: (/home/ghani/tiago_public_ws/devel/.private/tf_lookup/share/roseus/ros/tf_lookup/msg/TfLookupResult.l, /home/ghani/tiago_public_ws/devel/share/roseus/ros/tf_lookup/msg/TfLookupResult.l)
Linked: (/home/ghani/tiago_public_ws/devel/.private/tf_lookup/share/roseus/ros/tf_lookup/srv/lookupTransform.l, /home/ghani/tiago_public_ws/devel/share/roseus/ros/tf_lookup/srv/lookupTransform.l)
