[  0%] Built target _controller_manager_msgs_generate_messages_check_deps_ControllersStatistics
[  0%] Built target std_msgs_generate_messages_py
[  0%] Built target _controller_manager_msgs_generate_messages_check_deps_UnloadController
[  0%] Built target _controller_manager_msgs_generate_messages_check_deps_LoadController
[  0%] Built target _controller_manager_msgs_generate_messages_check_deps_ListControllerTypes
[  0%] Built target _controller_manager_msgs_generate_messages_check_deps_ListControllers
[  0%] Built target _controller_manager_msgs_generate_messages_check_deps_SwitchController
[  0%] Built target _controller_manager_msgs_generate_messages_check_deps_ReloadControllerLibraries
[  0%] Built target _controller_manager_msgs_generate_messages_check_deps_HardwareInterfaceResources
[  0%] Built target _controller_manager_msgs_generate_messages_check_deps_ControllerState
[  0%] Built target std_msgs_generate_messages_cpp
[  0%] Built target std_msgs_generate_messages_eus
[  0%] Built target std_msgs_generate_messages_lisp
[  0%] Built target std_msgs_generate_messages_nodejs
[  0%] Built target _controller_manager_msgs_generate_messages_check_deps_ControllerStatistics
[ 28%] Built target controller_manager_msgs_generate_messages_cpp
[ 41%] Built target controller_manager_msgs_generate_messages_py
[ 67%] Built target controller_manager_msgs_generate_messages_lisp
[ 81%] Built target controller_manager_msgs_generate_messages_eus
[100%] Built target controller_manager_msgs_generate_messages_nodejs
[100%] Built target controller_manager_msgs_generate_messages
