[  8%] Built target aruco_ros_gencfg
[ 25%] Built target aruco_ros_utils
[ 50%] Built target single
[ 58%] Built target sensor_msgs_generate_messages_cpp
[ 75%] Built target double
[ 75%] Built target sensor_msgs_generate_messages_eus
[ 75%] Built target sensor_msgs_generate_messages_lisp
[ 75%] Built target sensor_msgs_generate_messages_nodejs
[ 75%] Built target sensor_msgs_generate_messages_py
[ 75%] Built target geometry_msgs_generate_messages_eus
[ 75%] Built target geometry_msgs_generate_messages_cpp
[ 75%] Built target geometry_msgs_generate_messages_lisp
[ 75%] Built target geometry_msgs_generate_messages_nodejs
[ 75%] Built target geometry_msgs_generate_messages_py
[ 75%] Built target std_msgs_generate_messages_cpp
[ 75%] Built target std_msgs_generate_messages_eus
[ 75%] Built target std_msgs_generate_messages_lisp
[ 75%] Built target std_msgs_generate_messages_py
[ 75%] Built target std_msgs_generate_messages_nodejs
[ 75%] Built target dynamic_reconfigure_generate_messages_cpp
[ 75%] Built target dynamic_reconfigure_generate_messages_lisp
[ 75%] Built target dynamic_reconfigure_generate_messages_eus
[ 75%] Built target dynamic_reconfigure_generate_messages_nodejs
[ 75%] Built target dynamic_reconfigure_generate_messages_py
[ 75%] Built target dynamic_reconfigure_gencfg
[ 75%] Built target roscpp_generate_messages_eus
[ 75%] Built target roscpp_generate_messages_cpp
[ 75%] Built target roscpp_generate_messages_lisp
[ 75%] Built target roscpp_generate_messages_py
[ 75%] Built target roscpp_generate_messages_nodejs
[ 75%] Built target rosgraph_msgs_generate_messages_cpp
[ 75%] Built target rosgraph_msgs_generate_messages_eus
[ 75%] Built target rosgraph_msgs_generate_messages_lisp
[ 75%] Built target rosgraph_msgs_generate_messages_nodejs
[ 75%] Built target tf_generate_messages_cpp
[ 75%] Built target rosgraph_msgs_generate_messages_py
[ 75%] Built target tf_generate_messages_eus
[ 75%] Built target tf_generate_messages_lisp
[ 75%] Built target tf_generate_messages_nodejs
[ 75%] Built target tf_generate_messages_py
[ 75%] Built target actionlib_generate_messages_eus
[ 75%] Built target actionlib_generate_messages_cpp
[ 75%] Built target actionlib_generate_messages_lisp
[ 75%] Built target actionlib_generate_messages_nodejs
[ 75%] Built target actionlib_generate_messages_py
[ 75%] Built target actionlib_msgs_generate_messages_cpp
[ 75%] Built target actionlib_msgs_generate_messages_eus
[ 75%] Built target actionlib_msgs_generate_messages_lisp
[ 75%] Built target actionlib_msgs_generate_messages_nodejs
[ 75%] Built target actionlib_msgs_generate_messages_py
[ 75%] Built target tf2_msgs_generate_messages_cpp
[ 75%] Built target tf2_msgs_generate_messages_eus
[ 75%] Built target tf2_msgs_generate_messages_lisp
[ 75%] Built target tf2_msgs_generate_messages_nodejs
[ 75%] Built target tf2_msgs_generate_messages_py
[ 75%] Built target aruco_msgs_generate_messages_cpp
[ 75%] Built target aruco_msgs_generate_messages_eus
[ 75%] Built target aruco_msgs_generate_messages_lisp
[ 75%] Built target aruco_msgs_generate_messages_nodejs
[ 75%] Built target aruco_msgs_generate_messages_py
[ 75%] Built target visualization_msgs_generate_messages_cpp
[ 75%] Built target visualization_msgs_generate_messages_eus
[ 75%] Built target visualization_msgs_generate_messages_lisp
[ 75%] Built target visualization_msgs_generate_messages_nodejs
[ 75%] Built target visualization_msgs_generate_messages_py
[100%] Built target marker_publisher
