Performing C SOURCE FILE Test CMAKE_HAVE_LIBC_PTHREAD failed with the following output:
Change Dir: /home/ghani/tiago_public_ws/build/simple_models_gazebo/CMakeFiles/CMakeTmp

Run Build Command(s):/usr/bin/make -f Makefile cmTC_97475/fast && /usr/bin/make  -f CMakeFiles/cmTC_97475.dir/build.make CMakeFiles/cmTC_97475.dir/build
make[1]: Entering directory '/home/ghani/tiago_public_ws/build/simple_models_gazebo/CMakeFiles/CMakeTmp'
Building C object CMakeFiles/cmTC_97475.dir/src.c.o
/usr/bin/cc -DCMAKE_HAVE_LIBC_PTHREAD   -o CMakeFiles/cmTC_97475.dir/src.c.o -c /home/ghani/tiago_public_ws/build/simple_models_gazebo/CMakeFiles/CMakeTmp/src.c
Linking C executable cmTC_97475
/home/ghani/.local/lib/python2.7/site-packages/cmake/data/bin/cmake -E cmake_link_script CMakeFiles/cmTC_97475.dir/link.txt --verbose=1
/usr/bin/cc -rdynamic CMakeFiles/cmTC_97475.dir/src.c.o -o cmTC_97475 
CMakeFiles/cmTC_97475.dir/src.c.o: In function `main':
src.c:(.text+0x3e): undefined reference to `pthread_create'
src.c:(.text+0x4a): undefined reference to `pthread_detach'
src.c:(.text+0x56): undefined reference to `pthread_cancel'
src.c:(.text+0x67): undefined reference to `pthread_join'
src.c:(.text+0x7b): undefined reference to `pthread_atfork'
collect2: error: ld returned 1 exit status
CMakeFiles/cmTC_97475.dir/build.make:98: recipe for target 'cmTC_97475' failed
make[1]: *** [cmTC_97475] Error 1
make[1]: Leaving directory '/home/ghani/tiago_public_ws/build/simple_models_gazebo/CMakeFiles/CMakeTmp'
Makefile:127: recipe for target 'cmTC_97475/fast' failed
make: *** [cmTC_97475/fast] Error 2


Source file was:
#include <pthread.h>

static void* test_func(void* data)
{
  return data;
}

int main(void)
{
  pthread_t thread;
  pthread_create(&thread, NULL, test_func, NULL);
  pthread_detach(thread);
  pthread_cancel(thread);
  pthread_join(thread, NULL);
  pthread_atfork(NULL, NULL, NULL);
  pthread_exit(NULL);

  return 0;
}

Determining if the function pthread_create exists in the pthreads failed with the following output:
Change Dir: /home/ghani/tiago_public_ws/build/simple_models_gazebo/CMakeFiles/CMakeTmp

Run Build Command(s):/usr/bin/make -f Makefile cmTC_c81df/fast && /usr/bin/make  -f CMakeFiles/cmTC_c81df.dir/build.make CMakeFiles/cmTC_c81df.dir/build
make[1]: Entering directory '/home/ghani/tiago_public_ws/build/simple_models_gazebo/CMakeFiles/CMakeTmp'
Building C object CMakeFiles/cmTC_c81df.dir/CheckFunctionExists.c.o
/usr/bin/cc   -DCHECK_FUNCTION_EXISTS=pthread_create -o CMakeFiles/cmTC_c81df.dir/CheckFunctionExists.c.o -c /home/ghani/.local/lib/python2.7/site-packages/cmake/data/share/cmake-3.22/Modules/CheckFunctionExists.c
Linking C executable cmTC_c81df
/home/ghani/.local/lib/python2.7/site-packages/cmake/data/bin/cmake -E cmake_link_script CMakeFiles/cmTC_c81df.dir/link.txt --verbose=1
/usr/bin/cc  -DCHECK_FUNCTION_EXISTS=pthread_create -rdynamic CMakeFiles/cmTC_c81df.dir/CheckFunctionExists.c.o -o cmTC_c81df  -lpthreads 
/usr/bin/ld: cannot find -lpthreads
collect2: error: ld returned 1 exit status
CMakeFiles/cmTC_c81df.dir/build.make:98: recipe for target 'cmTC_c81df' failed
make[1]: *** [cmTC_c81df] Error 1
make[1]: Leaving directory '/home/ghani/tiago_public_ws/build/simple_models_gazebo/CMakeFiles/CMakeTmp'
Makefile:127: recipe for target 'cmTC_c81df/fast' failed
make: *** [cmTC_c81df/fast] Error 2



