[  0%] Built target geometry_msgs_generate_messages_py
[  0%] Built target sensor_msgs_generate_messages_py
[  0%] Built target actionlib_msgs_generate_messages_py
[  0%] Built target _pal_vision_msgs_generate_messages_check_deps_HeadPanTilt
[  0%] Built target _pal_vision_msgs_generate_messages_check_deps_HogDetections
[  0%] Built target _pal_vision_msgs_generate_messages_check_deps_LegDetections
[  0%] Built target _pal_vision_msgs_generate_messages_check_deps_FaceTrackingStart
[  0%] Built target _pal_vision_msgs_generate_messages_check_deps_DetectedPerson
[  0%] Built target _pal_vision_msgs_generate_messages_check_deps_FaceRecognitionActionResult
[  0%] Built target _pal_vision_msgs_generate_messages_check_deps_Gesture
[  0%] Built target _pal_vision_msgs_generate_messages_check_deps_FaceDetections
[  0%] Built target _pal_vision_msgs_generate_messages_check_deps_FaceRecognitionActionGoal
[  0%] Built target _pal_vision_msgs_generate_messages_check_deps_DetectedObject
[  0%] Built target _pal_vision_msgs_generate_messages_check_deps_Rectangle
[  0%] Built target _pal_vision_msgs_generate_messages_check_deps_FaceRecognitionAction
[  0%] Built target _pal_vision_msgs_generate_messages_check_deps_FollowMeResponse
[  0%] Built target _pal_vision_msgs_generate_messages_check_deps_FollowMeStart
[  0%] Built target _pal_vision_msgs_generate_messages_check_deps_FaceRecognitionResult
[  0%] Built target _pal_vision_msgs_generate_messages_check_deps_FaceRecognitionGoal
[  0%] Built target _pal_vision_msgs_generate_messages_check_deps_LookToPixel
[  0%] Built target _pal_vision_msgs_generate_messages_check_deps_FaceDetection
[  0%] Built target _pal_vision_msgs_generate_messages_check_deps_FaceRecognitionFeedback
[  0%] Built target _pal_vision_msgs_generate_messages_check_deps_HogDetection
[  0%] Built target _pal_vision_msgs_generate_messages_check_deps_FaceRecognitionActionFeedback
[  0%] Built target sensor_msgs_generate_messages_cpp
[  0%] Built target _pal_vision_msgs_generate_messages_check_deps_FollowMeStop
[  0%] Built target geometry_msgs_generate_messages_cpp
[  0%] Built target actionlib_msgs_generate_messages_cpp
[  0%] Built target _pal_vision_msgs_generate_messages_check_deps_FaceTrackingStop
[  0%] Built target sensor_msgs_generate_messages_eus
[  0%] Built target geometry_msgs_generate_messages_eus
[  0%] Built target sensor_msgs_generate_messages_lisp
[  0%] Built target actionlib_msgs_generate_messages_eus
[  0%] Built target sensor_msgs_generate_messages_nodejs
[  0%] Built target geometry_msgs_generate_messages_lisp
[  0%] Built target actionlib_msgs_generate_messages_lisp
[  0%] Built target geometry_msgs_generate_messages_nodejs
[ 22%] Built target pal_vision_msgs_generate_messages_py
[ 22%] Built target actionlib_msgs_generate_messages_nodejs
[ 41%] Built target pal_vision_msgs_generate_messages_cpp
[ 61%] Built target pal_vision_msgs_generate_messages_lisp
[ 81%] Built target pal_vision_msgs_generate_messages_eus
[100%] Built target pal_vision_msgs_generate_messages_nodejs
[100%] Built target pal_vision_msgs_generate_messages
