[35m[1mConsolidate compiler generated dependencies of target play_motion_helpers[0m
[  0%] Built target dynamic_reconfigure_generate_messages_eus
[  0%] Built target play_motion_msgs_generate_messages_cpp
[ 18%] Built target play_motion_helpers
[ 18%] Built target actionlib_generate_messages_nodejs
[ 18%] Built target actionlib_generate_messages_py
[ 18%] Built target actionlib_msgs_generate_messages_cpp
[ 18%] Built target actionlib_msgs_generate_messages_lisp
[ 18%] Built target actionlib_msgs_generate_messages_eus
[ 18%] Built target _catkin_empty_exported_target
[ 18%] Built target roscpp_generate_messages_cpp
[ 18%] Built target roscpp_generate_messages_eus
[ 18%] Built target roscpp_generate_messages_lisp
[ 18%] Built target roscpp_generate_messages_nodejs
[ 18%] Built target roscpp_generate_messages_py
[ 18%] Built target rosgraph_msgs_generate_messages_cpp
[ 18%] Built target dynamic_reconfigure_generate_messages_lisp
[ 18%] Built target dynamic_reconfigure_generate_messages_nodejs
[ 18%] Built target dynamic_reconfigure_generate_messages_py
[ 18%] Built target dynamic_reconfigure_gencfg
[ 18%] Built target visualization_msgs_generate_messages_cpp
[ 18%] Built target visualization_msgs_generate_messages_eus
[ 18%] Built target visualization_msgs_generate_messages_lisp
[ 18%] Built target visualization_msgs_generate_messages_nodejs
[ 18%] Built target visualization_msgs_generate_messages_py
[ 18%] Built target tf2_msgs_generate_messages_cpp
[ 18%] Built target tf2_msgs_generate_messages_eus
[ 18%] Built target tf2_msgs_generate_messages_lisp
[ 18%] Built target tf2_msgs_generate_messages_nodejs
[ 18%] Built target tf2_msgs_generate_messages_py
[ 18%] Built target tf_generate_messages_cpp
[ 18%] Built target tf_generate_messages_eus
[ 18%] Built target tf_generate_messages_lisp
[ 18%] Built target tf_generate_messages_nodejs
[ 18%] Built target tf_generate_messages_py
[ 18%] Built target moveit_ros_manipulation_gencfg
[ 18%] Built target std_srvs_generate_messages_cpp
[ 18%] Built target std_srvs_generate_messages_eus
[ 18%] Built target std_srvs_generate_messages_lisp
[ 18%] Built target std_srvs_generate_messages_nodejs
[ 18%] Built target rosgraph_msgs_generate_messages_eus
[ 18%] Built target rosgraph_msgs_generate_messages_lisp
[ 18%] Built target rosgraph_msgs_generate_messages_nodejs
[ 18%] Built target rosgraph_msgs_generate_messages_py
[ 18%] Built target control_msgs_generate_messages_cpp
[ 18%] Built target control_msgs_generate_messages_eus
[ 18%] Built target control_msgs_generate_messages_lisp
[ 18%] Built target control_msgs_generate_messages_nodejs
[ 18%] Built target control_msgs_generate_messages_py
[ 18%] Built target geometry_msgs_generate_messages_cpp
[ 18%] Built target geometry_msgs_generate_messages_eus
[ 18%] Built target actionlib_generate_messages_cpp
[ 18%] Built target actionlib_generate_messages_eus
[ 18%] Built target play_motion_msgs_generate_messages_eus
[ 18%] Built target actionlib_generate_messages_lisp
[ 18%] Built target play_motion_msgs_generate_messages_lisp
[ 18%] Built target play_motion_msgs_generate_messages_py
[ 18%] Built target play_motion_msgs_generate_messages_nodejs
[ 18%] Built target moveit_msgs_generate_messages_cpp
[ 18%] Built target moveit_msgs_generate_messages_lisp
[ 18%] Built target moveit_msgs_generate_messages_eus
[ 18%] Built target moveit_msgs_generate_messages_nodejs
[ 18%] Built target sensor_msgs_generate_messages_cpp
[ 18%] Built target moveit_msgs_generate_messages_py
[ 18%] Built target sensor_msgs_generate_messages_eus
[ 18%] Built target sensor_msgs_generate_messages_nodejs
[ 18%] Built target sensor_msgs_generate_messages_lisp
[ 18%] Built target std_srvs_generate_messages_py
[ 18%] Built target diagnostic_msgs_generate_messages_cpp
[ 18%] Built target diagnostic_msgs_generate_messages_eus
[ 18%] Built target diagnostic_msgs_generate_messages_lisp
[ 18%] Built target diagnostic_msgs_generate_messages_nodejs
[ 18%] Built target diagnostic_msgs_generate_messages_py
[ 18%] Built target actionlib_msgs_generate_messages_nodejs
[ 18%] Built target actionlib_msgs_generate_messages_py
[ 18%] Built target std_msgs_generate_messages_cpp
[ 18%] Built target std_msgs_generate_messages_eus
[ 18%] Built target std_msgs_generate_messages_nodejs
[ 18%] Built target std_msgs_generate_messages_lisp
[ 18%] Built target std_msgs_generate_messages_py
[ 18%] Built target geometry_msgs_generate_messages_lisp
[ 18%] Built target geometry_msgs_generate_messages_nodejs
[ 18%] Built target geometry_msgs_generate_messages_py
[ 18%] Built target trajectory_msgs_generate_messages_cpp
[ 18%] Built target trajectory_msgs_generate_messages_eus
[ 18%] Built target trajectory_msgs_generate_messages_lisp
[ 18%] Built target trajectory_msgs_generate_messages_py
[ 18%] Built target trajectory_msgs_generate_messages_nodejs
[ 18%] Built target controller_manager_msgs_generate_messages_cpp
[ 18%] Built target controller_manager_msgs_generate_messages_eus
[ 18%] Built target controller_manager_msgs_generate_messages_lisp
[ 18%] Built target controller_manager_msgs_generate_messages_nodejs
[ 18%] Built target controller_manager_msgs_generate_messages_py
[ 18%] Built target sensor_msgs_generate_messages_py
[ 18%] Built target shape_msgs_generate_messages_cpp
[ 18%] Built target shape_msgs_generate_messages_eus
[ 18%] Built target shape_msgs_generate_messages_lisp
[ 18%] Built target shape_msgs_generate_messages_nodejs
[ 18%] Built target shape_msgs_generate_messages_py
[ 18%] Built target object_recognition_msgs_generate_messages_cpp
[ 18%] Built target object_recognition_msgs_generate_messages_eus
[ 18%] Built target object_recognition_msgs_generate_messages_nodejs
[ 18%] Built target object_recognition_msgs_generate_messages_lisp
[ 18%] Built target object_recognition_msgs_generate_messages_py
[ 18%] Built target octomap_msgs_generate_messages_cpp
[ 18%] Built target octomap_msgs_generate_messages_eus
[ 18%] Built target octomap_msgs_generate_messages_lisp
[ 18%] Built target octomap_msgs_generate_messages_py
[ 18%] Built target octomap_msgs_generate_messages_nodejs
[ 18%] Built target moveit_ros_planning_gencfg
[ 18%] Built target dynamic_reconfigure_generate_messages_cpp
[35m[1mConsolidate compiler generated dependencies of target run_motion[0m
[35m[1mConsolidate compiler generated dependencies of target play_motion[0m
[ 36%] Built target run_motion
[100%] Built target play_motion
